2025-01-14 13:39:10.142 [info] [main] Log level: Info
2025-01-14 13:39:10.142 [info] [main] Validating found git in: "git"
2025-01-14 13:39:10.142 [info] [main] Using git "2.45.2" from "git"
2025-01-14 13:39:10.142 [info] [Model][doInitialScan] Initial repository scan started
2025-01-14 13:39:10.142 [info] > git rev-parse --show-toplevel [7ms]
2025-01-14 13:39:10.142 [info] fatal: not a git repository (or any parent up to mount point /)
Stopping at filesystem boundary (GIT_DISCOVERY_ACROSS_FILESYSTEM not set).
2025-01-14 13:39:10.142 [info] > git rev-parse --show-toplevel [2ms]
2025-01-14 13:39:10.142 [info] fatal: not a git repository (or any parent up to mount point /)
Stopping at filesystem boundary (GIT_DISCOVERY_ACROSS_FILESYSTEM not set).
2025-01-14 13:39:10.142 [info] > git rev-parse --show-toplevel [13ms]
2025-01-14 13:39:10.142 [info] fatal: not a git repository (or any parent up to mount point /)
Stopping at filesystem boundary (GIT_DISCOVERY_ACROSS_FILESYSTEM not set).
2025-01-14 13:39:10.144 [info] [Model][doInitialScan] Initial repository scan completed - repositories (0), closed repositories (0), parent repositories (0), unsafe repositories (0)
2025-01-14 13:39:10.177 [info] > git rev-parse --show-toplevel [1ms]
2025-01-14 13:39:10.177 [info] fatal: not a git repository (or any parent up to mount point /)
Stopping at filesystem boundary (GIT_DISCOVERY_ACROSS_FILESYSTEM not set).
2025-01-14 13:39:10.219 [info] > git rev-parse --show-toplevel [1ms]
2025-01-14 13:39:10.219 [info] fatal: not a git repository (or any parent up to mount point /)
Stopping at filesystem boundary (GIT_DISCOVERY_ACROSS_FILESYSTEM not set).
2025-01-14 13:39:12.020 [info] > git rev-parse --show-toplevel [1ms]
2025-01-14 13:39:12.020 [info] fatal: not a git repository (or any parent up to mount point /)
Stopping at filesystem boundary (GIT_DISCOVERY_ACROSS_FILESYSTEM not set).
